current directory: /home/ubuntu/MobieAppProject/MainFiles/vedor/bundle/ruby/2.7.0/gems/msgpack-1.5.1/ext/msgpack
/usr/share/rvm/rubies/ruby-2.7.0/bin/ruby -I /usr/share/rvm/rubies/ruby-2.7.0/lib/ruby/site_ruby/2.7.0 -r ./siteconf20220421-12380-1lv4gfd.rb extconf.rb
checking for ruby/st.h... yes
checking for st.h... yes
checking for rb_enc_interned_str() in ruby.h... no
creating Makefile

current directory: /home/ubuntu/MobieAppProject/MainFiles/vedor/bundle/ruby/2.7.0/gems/msgpack-1.5.1/ext/msgpack
make DESTDIR\= clean

current directory: /home/ubuntu/MobieAppProject/MainFiles/vedor/bundle/ruby/2.7.0/gems/msgpack-1.5.1/ext/msgpack
make DESTDIR\=
compiling buffer.c
compiling buffer_class.c
compiling extension_value_class.c
compiling factory_class.c
compiling packer.c
compiling packer_class.c
compiling packer_ext_registry.c
compiling rbinit.c
compiling rmem.c
compiling unpacker.c
compiling unpacker_class.c
compiling unpacker_ext_registry.c
linking shared-object msgpack/msgpack.so

current directory: /home/ubuntu/MobieAppProject/MainFiles/vedor/bundle/ruby/2.7.0/gems/msgpack-1.5.1/ext/msgpack
make DESTDIR\= install
/usr/bin/install -m 0755 msgpack.so ./.gem.20220421-12380-5v9jrk/msgpack
